<?xml version="1.0" encoding="UTF-8"?>
<testsuite xmlns:xsi="http://www.w3.org/2001/XMLSchema-instance" xsi:noNamespaceSchemaLocation="https://maven.apache.org/surefire/maven-surefire-plugin/xsd/surefire-test-report.xsd" name="ru.netology.JavaDZ10.services.RadioTest" time="0.038" tests="18" errors="0" skipped="0" failures="0">
  <properties>
[...]
</properties>
  <testcase name="shouldUnderMinVolume" classname="ru.netology.JavaDZ10.services.RadioTest" time="0.022"/>
  <testcase name="shouldUnderMaxStation" classname="ru.netology.JavaDZ10.services.RadioTest" time="0"/>
  <testcase name="shouldMaxVolume" classname="ru.netology.JavaDZ10.services.RadioTest" time="0"/>
  <testcase name="shouldMinVolume" classname="ru.netology.JavaDZ10.services.RadioTest" time="0"/>
  <testcase name="shouldSetStation" classname="ru.netology.JavaDZ10.services.RadioTest" time="0"/>
  <testcase name="shouldSetVolume" classname="ru.netology.JavaDZ10.services.RadioTest" time="0"/>
  <testcase name="shouldNextStation" classname="ru.netology.JavaDZ10.services.RadioTest" time="0"/>
  <testcase name="shouldMinStation" classname="ru.netology.JavaDZ10.services.RadioTest" time="0.001"/>
  <testcase name="ShouldUnderNextStation" classname="ru.netology.JavaDZ10.services.RadioTest" time="0"/>
  <testcase name="shouldBackUpStation" classname="ru.netology.JavaDZ10.services.RadioTest" time="0"/>
  <testcase name="shouldBackVolume" classname="ru.netology.JavaDZ10.services.RadioTest" time="0.001"/>
  <testcase name="shouldUpNextVolume" classname="ru.netology.JavaDZ10.services.RadioTest" time="0"/>
  <testcase name="shouldBackStation" classname="ru.netology.JavaDZ10.services.RadioTest" time="0"/>
  <testcase name="shouldUnderBackVolume" classname="ru.netology.JavaDZ10.services.RadioTest" time="0.001"/>
  <testcase name="shouldUpMaxVolume" classname="ru.netology.JavaDZ10.services.RadioTest" time="0"/>
  <testcase name="shouldNextVolume" classname="ru.netology.JavaDZ10.services.RadioTest" time="0"/>
  <testcase name="shouldMinUpStation" classname="ru.netology.JavaDZ10.services.RadioTest" time="0"/>
  <testcase name="shouldMaxStation" classname="ru.netology.JavaDZ10.services.RadioTest" time="0"/>
</testsuite>